Determining if the pthread_create exist failed with the following output:
Change Dir: /home/younes/eclipse-workspace/Hamburg_Lim/build/CMakeFiles/CMakeTmp

Run Build Command:"/usr/bin/make" "cmTC_451be/fast"
/usr/bin/make -f CMakeFiles/cmTC_451be.dir/build.make CMakeFiles/cmTC_451be.dir/build
make[1] : on entre dans le répertoire « /home/younes/eclipse-workspace/Hamburg_Lim/build/CMakeFiles/CMakeTmp »
Building C object CMakeFiles/cmTC_451be.dir/CheckSymbolExists.c.o
/usr/bin/cc     -o CMakeFiles/cmTC_451be.dir/CheckSymbolExists.c.o   -c /home/younes/eclipse-workspace/Hamburg_Lim/build/CMakeFiles/CMakeTmp/CheckSymbolExists.c
Linking C executable cmTC_451be
/usr/bin/cmake -E cmake_link_script CMakeFiles/cmTC_451be.dir/link.txt --verbose=1
/usr/bin/cc       CMakeFiles/cmTC_451be.dir/CheckSymbolExists.c.o  -o cmTC_451be -rdynamic 
CMakeFiles/cmTC_451be.dir/CheckSymbolExists.c.o : Dans la fonction « main » :
CheckSymbolExists.c:(.text+0x16) : référence indéfinie vers « pthread_create »
collect2: error: ld returned 1 exit status
CMakeFiles/cmTC_451be.dir/build.make:97 : la recette pour la cible « cmTC_451be » a échouée
make[1]: *** [cmTC_451be] Erreur 1
make[1] : on quitte le répertoire « /home/younes/eclipse-workspace/Hamburg_Lim/build/CMakeFiles/CMakeTmp »
Makefile:126 : la recette pour la cible « cmTC_451be/fast » a échouée
make: *** [cmTC_451be/fast] Erreur 2

File /home/younes/eclipse-workspace/Hamburg_Lim/build/CMakeFiles/CMakeTmp/CheckSymbolExists.c:
/* */
#include <pthread.h>

int main(int argc, char** argv)
{
  (void)argv;
#ifndef pthread_create
  return ((int*)(&pthread_create))[argc];
#else
  (void)argc;
  return 0;
#endif
}

Determining if the function pthread_create exists in the pthreads failed with the following output:
Change Dir: /home/younes/eclipse-workspace/Hamburg_Lim/build/CMakeFiles/CMakeTmp

Run Build Command:"/usr/bin/make" "cmTC_ccec9/fast"
/usr/bin/make -f CMakeFiles/cmTC_ccec9.dir/build.make CMakeFiles/cmTC_ccec9.dir/build
make[1] : on entre dans le répertoire « /home/younes/eclipse-workspace/Hamburg_Lim/build/CMakeFiles/CMakeTmp »
Building C object CMakeFiles/cmTC_ccec9.dir/CheckFunctionExists.c.o
/usr/bin/cc    -DCHECK_FUNCTION_EXISTS=pthread_create   -o CMakeFiles/cmTC_ccec9.dir/CheckFunctionExists.c.o   -c /usr/share/cmake-3.5/Modules/CheckFunctionExists.c
Linking C executable cmTC_ccec9
/usr/bin/cmake -E cmake_link_script CMakeFiles/cmTC_ccec9.dir/link.txt --verbose=1
/usr/bin/cc   -DCHECK_FUNCTION_EXISTS=pthread_create    CMakeFiles/cmTC_ccec9.dir/CheckFunctionExists.c.o  -o cmTC_ccec9 -rdynamic -lpthreads 
/usr/bin/ld : ne peut trouver -lpthreads
collect2: error: ld returned 1 exit status
CMakeFiles/cmTC_ccec9.dir/build.make:97 : la recette pour la cible « cmTC_ccec9 » a échouée
make[1]: *** [cmTC_ccec9] Erreur 1
make[1] : on quitte le répertoire « /home/younes/eclipse-workspace/Hamburg_Lim/build/CMakeFiles/CMakeTmp »
Makefile:126 : la recette pour la cible « cmTC_ccec9/fast » a échouée
make: *** [cmTC_ccec9/fast] Erreur 2


